<?xml version="1.0" encoding="UTF-8"?>
<!-- Generated by org.testng.reporters.JUnitReportReporter -->
<testsuite hostname="ROVSHENTHINKPAD" failures="0" tests="2" name="testNG.TestNG_Listener" time="2.451" errors="0" timestamp="2020-06-10T12:22:39 CDT" skipped="1">
  <testcase classname="testNG.TestNG_Listener" name="test1" time="2.451"/>
  <system-out>
onTestStart=test1 before invocation: testNG.TestNG_Listener==>test1 before invocation: testNG.TestNG_Listener==>test1==>true onTestSuccess=test1 before invocation: testNG.TestNG_Listener==>afterTests  </system-out>
  <testcase classname="testNG.TestNG_Listener" name="test2">
    <skipped/>
  </testcase> <!-- test2 -->
  <system-out/>
</testsuite> <!-- testNG.TestNG_Listener -->
