<?xml version="1.0" encoding="UTF-8"?>
<!-- Generated by org.testng.reporters.JUnitReportReporter -->
<testsuite hostname="ROVSHENTHINKPAD" failures="0" tests="7" name="testNG.TestNG_Listener" time="19.086" errors="0" timestamp="2020-06-08T20:22:50 CDT" skipped="1">
  <testcase classname="testNG.TestNG_Listener" name="test1" time="3.123"/>
  <system-out/>
  <testcase classname="testNG.TestNG_Listener" name="test1" time="3.209"/>
  <system-out/>
  <testcase classname="testNG.TestNG_Listener" name="test1" time="2.879"/>
  <system-out/>
  <testcase classname="testNG.TestNG_Listener" name="test1" time="3.730"/>
  <system-out/>
  <testcase classname="testNG.TestNG_Listener" name="test1" time="3.611"/>
  <system-out/>
  <testcase classname="testNG.TestNG_Listener" name="test1" time="2.534"/>
  <system-out/>
  <testcase classname="testNG.TestNG_Listener" name="test2">
    <skipped/>
  </testcase> <!-- test2 -->
  <system-out/>
</testsuite> <!-- testNG.TestNG_Listener -->
