<?xml version="1.0" encoding="UTF-8"?>
<!-- Generated by org.testng.reporters.JUnitReportReporter -->
<testsuite hostname="ROVSHENTHINKPAD" failures="0" tests="7" name="testNG.TestNG_Listener" time="20.351" errors="0" timestamp="2020-06-08T20:33:56 CDT" skipped="1">
  <testcase classname="testNG.TestNG_Listener" name="test1" time="3.437"/>
  <system-out>
onTestStart=test1 before invocation: testNG.TestNG_Listener==>test1 before invocation: testNG.TestNG_Listener==>test1==>true onTestSuccess=test1 before invocation: testNG.TestNG_Listener==>afterTests  </system-out>
  <testcase classname="testNG.TestNG_Listener" name="test1" time="2.835"/>
  <system-out>
onTestStart=test1 before invocation: testNG.TestNG_Listener==>test1 before invocation: testNG.TestNG_Listener==>test1==>true onTestSuccess=test1 before invocation: testNG.TestNG_Listener==>afterTests  </system-out>
  <testcase classname="testNG.TestNG_Listener" name="test1" time="4.372"/>
  <system-out>
onTestStart=test1 before invocation: testNG.TestNG_Listener==>test1 before invocation: testNG.TestNG_Listener==>test1==>true onTestSuccess=test1 before invocation: testNG.TestNG_Listener==>afterTests  </system-out>
  <testcase classname="testNG.TestNG_Listener" name="test1" time="3.179"/>
  <system-out>
onTestStart=test1 before invocation: testNG.TestNG_Listener==>test1 before invocation: testNG.TestNG_Listener==>test1==>true onTestSuccess=test1 before invocation: testNG.TestNG_Listener==>afterTests  </system-out>
  <testcase classname="testNG.TestNG_Listener" name="test1" time="3.215"/>
  <system-out>
onTestStart=test1 before invocation: testNG.TestNG_Listener==>test1 before invocation: testNG.TestNG_Listener==>test1==>true onTestSuccess=test1 before invocation: testNG.TestNG_Listener==>afterTests  </system-out>
  <testcase classname="testNG.TestNG_Listener" name="test1" time="3.313"/>
  <system-out>
onTestStart=test1 before invocation: testNG.TestNG_Listener==>test1 before invocation: testNG.TestNG_Listener==>test1==>true onTestSuccess=test1 before invocation: testNG.TestNG_Listener==>afterTests  </system-out>
  <testcase classname="testNG.TestNG_Listener" name="test2">
    <skipped/>
  </testcase> <!-- test2 -->
  <system-out/>
</testsuite> <!-- testNG.TestNG_Listener -->
