<?xml version="1.0" encoding="UTF-8"?>
<!-- Generated by org.testng.reporters.JUnitReportReporter -->
<testsuite hostname="ROVSHENTHINKPAD" failures="0" tests="7" name="testNG.TestNG_Listener" time="12.358" errors="0" timestamp="2020-06-10T12:03:04 CDT" skipped="1">
  <testcase classname="testNG.TestNG_Listener" name="test1" time="1.928"/>
  <system-out>
onTestStart=test1 before invocation: testNG.TestNG_Listener==>test1 before invocation: testNG.TestNG_Listener==>test1==>true onTestSuccess=test1 before invocation: testNG.TestNG_Listener==>afterTests  </system-out>
  <testcase classname="testNG.TestNG_Listener" name="test1" time="1.770"/>
  <system-out>
onTestStart=test1 before invocation: testNG.TestNG_Listener==>test1 before invocation: testNG.TestNG_Listener==>test1==>true onTestSuccess=test1 before invocation: testNG.TestNG_Listener==>afterTests  </system-out>
  <testcase classname="testNG.TestNG_Listener" name="test1" time="1.535"/>
  <system-out>
onTestStart=test1 before invocation: testNG.TestNG_Listener==>test1 before invocation: testNG.TestNG_Listener==>test1==>true onTestSuccess=test1 before invocation: testNG.TestNG_Listener==>afterTests  </system-out>
  <testcase classname="testNG.TestNG_Listener" name="test1" time="2.158"/>
  <system-out>
onTestStart=test1 before invocation: testNG.TestNG_Listener==>test1 before invocation: testNG.TestNG_Listener==>test1==>true onTestSuccess=test1 before invocation: testNG.TestNG_Listener==>afterTests  </system-out>
  <testcase classname="testNG.TestNG_Listener" name="test1" time="2.758"/>
  <system-out>
onTestStart=test1 before invocation: testNG.TestNG_Listener==>test1 before invocation: testNG.TestNG_Listener==>test1==>true onTestSuccess=test1 before invocation: testNG.TestNG_Listener==>afterTests  </system-out>
  <testcase classname="testNG.TestNG_Listener" name="test1" time="2.209"/>
  <system-out>
onTestStart=test1 before invocation: testNG.TestNG_Listener==>test1 before invocation: testNG.TestNG_Listener==>test1==>true onTestSuccess=test1 before invocation: testNG.TestNG_Listener==>afterTests  </system-out>
  <testcase classname="testNG.TestNG_Listener" name="test2">
    <skipped/>
  </testcase> <!-- test2 -->
  <system-out/>
</testsuite> <!-- testNG.TestNG_Listener -->
